<?xml version="1.0" encoding="UTF-8"?>
<!-- Generated by org.testng.reporters.JUnitReportReporter -->
<testsuite hostname="DESKTOP-UODLVI1" failures="0" tests="3" name="testClasses.VerifyUserCanAddNewAddress" time="13.114" errors="0" timestamp="2022-10-10T22:58:25 IST" skipped="0">
  <testcase classname="testClasses.VerifyUserCanAddNewAddress" name="verifyUserCanOpenProfilePage" time="10.495"/>
  <system-out>
    <![CDATA[Test started
Test Passed]]>
  </system-out>
  <testcase classname="testClasses.VerifyUserCanAddNewAddress" name="addNewAddress" time="1.251"/>
  <system-out>
    <![CDATA[Test started
Test Passed]]>
  </system-out>
  <testcase classname="testClasses.VerifyUserCanAddNewAddress" name="addNewAddress" time="1.368"/>
  <system-out>
    <![CDATA[Test started
Test Passed]]>
  </system-out>
</testsuite> <!-- testClasses.VerifyUserCanAddNewAddress -->
