<?xml version="1.0" encoding="UTF-8"?>
<!-- Generated by org.testng.reporters.JUnitReportReporter -->
<testsuite hostname="DESKTOP-UODLVI1" failures="0" tests="1" name="testClasses.VerifyUserCanLogin" time="4.310" errors="0" timestamp="2022-10-10T22:58:25 IST" skipped="0">
  <testcase classname="testClasses.VerifyUserCanLogin" name="VerifyUserCanLogIn" time="4.310"/>
  <system-out>
    <![CDATA[Test started
Enterd Emil ID
Enterd Password
Test Passed]]>
  </system-out>
</testsuite> <!-- testClasses.VerifyUserCanLogin -->
