<?xml version="1.0" encoding="UTF-8"?>
<!-- Generated by org.testng.reporters.JUnitReportReporter -->
<testsuite hostname="DESKTOP-UODLVI1" failures="0" tests="2" name="testClasses.VerifyUserCanGetLowestPriceProduct" time="9.125" errors="0" timestamp="2022-10-10T22:58:25 IST" skipped="0">
  <testcase classname="testClasses.VerifyUserCanGetLowestPriceProduct" name="VerifyUserCanSearchProduct" time="1.772"/>
  <system-out>
    <![CDATA[Test started
Test Passed]]>
  </system-out>
  <testcase classname="testClasses.VerifyUserCanGetLowestPriceProduct" name="VerifyUserCanGetLowestPriceProductFromEachPage" time="7.353"/>
  <system-out>
    <![CDATA[Test started
Test Passed]]>
  </system-out>
</testsuite> <!-- testClasses.VerifyUserCanGetLowestPriceProduct -->
